Exporter version: 5.6.2, Blender version: 2.79 (sub 0)
========= Conversion from Blender to Babylon.js =========
	Scene settings used:
		selected layers only:  false
		inline textures:  false
		Positions Precision :  4
		Normals Precision   :  3
		UVs Precision       :  3
		Vert Color Precision:  3
		Mat Weight Precision:  2
		texture directory:  C:\Users\steve\Documents\GIT Projects\Ampthink Basketball\public\babylon\assets\Layout\
	Python World class constructor completed
	WARNING: No active camera has been assigned, or is not in a currently selected Blender layer
	processing begun of mesh:  Goal_Backboard
		processing begun of Standard material:  Goal
		processing begun of Standard material:  Glow
		processing begun of multimaterial:  Goal.Multimaterial#0
		num positions      :  60
		num normals        :  60
		num uvs            :  0
		num uvs2           :  0
		num colors         :  0
		num indices        :  222
	processing begun of mesh:  Goal_Rim
		registered as also a user of material:  Goal
		registered as also a user of material:  Glow
		processing begun of multimaterial:  Goal.Multimaterial#1
		num positions      :  108
		num normals        :  108
		num uvs            :  0
		num uvs2           :  0
		num colors         :  0
		num indices        :  312
	processing begun of mesh:  Goal_Base
		registered as also a user of material:  Goal
		registered as also a user of material:  Glow
		processing begun of multimaterial:  Goal.Multimaterial#2
		num positions      :  146
		num normals        :  146
		num uvs            :  0
		num uvs2           :  0
		num colors         :  0
		num indices        :  360
========= Writing of scene file started =========
========= Writing of scene file completed =========
========= end of processing =========
elapsed time:  0 min, 0.0421 secs
