Exporter version: 5.6.2, Blender version: 2.79 (sub 0)
========= Conversion from Blender to Babylon.js =========
	Scene settings used:
		selected layers only:  false
		inline textures:  false
		Positions Precision :  4
		Normals Precision   :  3
		UVs Precision       :  3
		Vert Color Precision:  3
		Mat Weight Precision:  2
		texture directory:  C:\Users\steve\Documents\GIT Projects\Ampthink Basketball\public\babylonStevesGarbagePile\assets\
	Python World class constructor completed
	WARNING: No active camera has been assigned, or is not in a currently selected Blender layer
	processing begun of mesh:  Stairs_L2
		processing begun of Standard material:  Stair_Base
		num positions      :  2844
		num normals        :  2844
		num uvs            :  5688
		num uvs2           :  0
		num colors         :  0
		num indices        :  5040
	processing begun of mesh:  Stairs_L
		registered as also a user of material:  Stair_Base
		num positions      :  2844
		num normals        :  2844
		num uvs            :  5688
		num uvs2           :  0
		num colors         :  0
		num indices        :  5040
	processing begun of mesh:  Stairs_R2
		registered as also a user of material:  Stair_Base
		num positions      :  2844
		num normals        :  2844
		num uvs            :  5688
		num uvs2           :  0
		num colors         :  0
		num indices        :  5040
	processing begun of mesh:  Stairs_R
		registered as also a user of material:  Stair_Base
		num positions      :  2844
		num normals        :  2844
		num uvs            :  5688
		num uvs2           :  0
		num colors         :  0
		num indices        :  5040
	processing begun of mesh:  Stairs_TL
		registered as also a user of material:  Stair_Base
		num positions      :  8532
		num normals        :  8532
		num uvs            :  17064
		num uvs2           :  0
		num colors         :  0
		num indices        :  15120
	processing begun of mesh:  Stars_TR
		registered as also a user of material:  Stair_Base
		num positions      :  8532
		num normals        :  8532
		num uvs            :  17064
		num uvs2           :  0
		num colors         :  0
		num indices        :  15120
	processing begun of mesh:  Stairs_Top
		registered as also a user of material:  Stair_Base
		num positions      :  2607
		num normals        :  2607
		num uvs            :  5214
		num uvs2           :  0
		num colors         :  0
		num indices        :  4620
	processing begun of mesh:  Stair_Base
		processing begun of Standard material:  Stair_ceiling
		processing begun of Standard material:  Stair_white
		processing begun of Standard material:  Stair_concrete
		registered as also a user of material:  Stair_Base
		processing begun of Standard material:  Stair_metal
		processing begun of Standard material:  Stair_glass
		processing begun of multimaterial:  Layout.Multimaterial#0
		num positions      :  297
		num normals        :  297
		num uvs            :  594
		num uvs2           :  0
		num colors         :  0
		num indices        :  420
	processing begun of mesh:  Ref
		processing begun of Standard material:  Goal
		num positions      :  358
		num normals        :  358
		num uvs            :  0
		num uvs2           :  0
		num colors         :  0
		num indices        :  1014
	processing begun of mesh:  Floor
		processing begun of Standard material:  Floor
		num positions      :  17
		num normals        :  17
		num uvs            :  0
		num uvs2           :  0
		num colors         :  68
		num indices        :  72
========= Writing of scene file started =========
========= Writing of scene file completed =========
========= end of processing =========
elapsed time:  0 min, 1.3596 secs
